CRITICAL - 2021-06-08 07:40:14 --> Invalid file: head.php
#0 C:\xampp\htdocs\Masjid Nurul Mutaqqin\system\View\View.php(203): CodeIgniter\Exceptions\FrameworkException::forInvalidFile('head.php')
#1 C:\xampp\htdocs\Masjid Nurul Mutaqqin\system\Common.php(1217): CodeIgniter\View\View->render('head', Array, true)
#2 C:\xampp\htdocs\Masjid Nurul Mutaqqin\app\Controllers\Home.php(9): view('head')
#3 C:\xampp\htdocs\Masjid Nurul Mutaqqin\system\CodeIgniter.php(936): App\Controllers\Home->index()
#4 C:\xampp\htdocs\Masjid Nurul Mutaqqin\system\CodeIgniter.php(432): CodeIgniter\CodeIgniter->runController(Object(App\Controllers\Home))
#5 C:\xampp\htdocs\Masjid Nurul Mutaqqin\system\CodeIgniter.php(333): CodeIgniter\CodeIgniter->handleRequest(NULL, Object(Config\Cache), false)
#6 C:\xampp\htdocs\Masjid Nurul Mutaqqin\public\index.php(44): CodeIgniter\CodeIgniter->run()
#7 C:\xampp\htdocs\Masjid Nurul Mutaqqin\system\Commands\Server\rewrite.php(45): require_once('C:\\xampp\\htdocs...')
#8 {main}
CRITICAL - 2021-06-08 07:43:38 --> Invalid file: head.php
#0 C:\xampp\htdocs\Masjid Nurul Mutaqqin\system\View\View.php(203): CodeIgniter\Exceptions\FrameworkException::forInvalidFile('head.php')
#1 C:\xampp\htdocs\Masjid Nurul Mutaqqin\system\Common.php(1217): CodeIgniter\View\View->render('head.php', Array, true)
#2 C:\xampp\htdocs\Masjid Nurul Mutaqqin\app\Controllers\Home.php(9): view('head.php')
#3 C:\xampp\htdocs\Masjid Nurul Mutaqqin\system\CodeIgniter.php(936): App\Controllers\Home->index()
#4 C:\xampp\htdocs\Masjid Nurul Mutaqqin\system\CodeIgniter.php(432): CodeIgniter\CodeIgniter->runController(Object(App\Controllers\Home))
#5 C:\xampp\htdocs\Masjid Nurul Mutaqqin\system\CodeIgniter.php(333): CodeIgniter\CodeIgniter->handleRequest(NULL, Object(Config\Cache), false)
#6 C:\xampp\htdocs\Masjid Nurul Mutaqqin\public\index.php(44): CodeIgniter\CodeIgniter->run()
#7 C:\xampp\htdocs\Masjid Nurul Mutaqqin\system\Commands\Server\rewrite.php(45): require_once('C:\\xampp\\htdocs...')
#8 {main}
